{"C:\\Users\\Admin\\Desktop\\dataStur\\arrays\\array.js": {"path":"C:\\Users\\Admin\\Desktop\\dataStur\\arrays\\array.js","statementMap":{"0":{"start":{"line":2,"column":4},"end":{"line":4,"column":5}},"1":{"start":{"line":3,"column":8},"end":{"line":3,"column":50}},"2":{"start":{"line":5,"column":24},"end":{"line":5,"column":26}},"3":{"start":{"line":6,"column":4},"end":{"line":7,"column":37}},"4":{"start":{"line":6,"column":17},"end":{"line":6,"column":31}},"5":{"start":{"line":7,"column":8},"end":{"line":7,"column":35}},"6":{"start":{"line":8,"column":4},"end":{"line":8,"column":25}},"7":{"start":{"line":10,"column":0},"end":{"line":10,"column":28}}},"fnMap":{"0":{"name":"reverseArray","decl":{"start":{"line":1,"column":9},"end":{"line":1,"column":21}},"loc":{"start":{"line":1,"column":27},"end":{"line":9,"column":1}},"line":1}},"branchMap":{"0":{"loc":{"start":{"line":2,"column":4},"end":{"line":4,"column":5}},"type":"if","locations":[{"start":{"line":2,"column":4},"end":{"line":4,"column":5}},{"start":{},"end":{}}],"line":2}},"s":{"0":5,"1":2,"2":3,"3":3,"4":3,"5":8,"6":3,"7":1},"f":{"0":5},"b":{"0":[2,3]},"_coverageSchema":"1a1c01bbd47fc00a2c39e90264f33305004495a9","hash":"c81184037a8a7efaa70c98e32e386ab9e21be4da"}
}
